<?xml version="1.0" encoding="UTF-8"?>
<beans xmlns="http://www.springframework.org/schema/beans"
       xmlns:xsi="http://www.w3.org/2001/XMLSchema-instance"
       xmlns:context="http://www.springframework.org/schema/context"
       xmlns:aop="http://www.springframework.org/schema/aop"
       xmlns:tx="http://www.springframework.org/schema/tx"
       xsi:schemaLocation="http://www.springframework.org/schema/beans
           http://www.springframework.org/schema/beans/spring-beans-2.5.xsd
           http://www.springframework.org/schema/context
           http://www.springframework.org/schema/context/spring-context-2.5.xsd
           http://www.springframework.org/schema/tx http://www.springframework.org/schema/tx/spring-tx-2.5.xsd
           http://www.springframework.org/schema/aop http://www.springframework.org/schema/aop/spring-aop-2.5.xsd">
<!-- mode: ${mode} -->

	<import resource="simplesm-context.xml" />
	<bean id="memcachedConnectionBean" class="net.nelz.simplesm.config.MemcachedConnectionBean">
		<property name="consistentHashing" value="true" />
		<property name="nodeList" value="127.0.0.1:11211" />
	</bean>

  <!--<aop:aspectj-autoproxy />-->

	<bean id="testDao" class="net.nelz.simplesm.test.dao.TestDAOImpl" />

	<bean id="testSvc" class="net.nelz.simplesm.test.svc.TestSvcImpl">
		<property name="dao" ref="testDao" />
	</bean>

</beans>